#
# A fatal error has been detected by the Java Runtime Environment:
#
#  EXCEPTION_ACCESS_VIOLATION (0xc0000005) at pc=0x00007ffef4c96280, pid=8652, tid=8676
#
# JRE version: OpenJDK Runtime Environment Microsoft-8035246 (17.0.8+7) (build 17.0.8+7-LTS)
# Java VM: OpenJDK 64-Bit Server VM Microsoft-8035246 (17.0.8+7-LTS, mixed mode, tiered, compressed oops, compressed class ptrs, g1 gc, windows-amd64)
# Problematic frame:
# C  [atio6axx.dll+0x196280]
#
# No core dump will be written. Minidumps are not enabled by default on client versions of Windows
#
# If you would like to submit a bug report, please visit:
#   https://aka.ms/minecraftjavacrashes
# The crash happened outside the Java Virtual Machine in native code.
# See problematic frame for where to report the bug.
#

---------------  S U M M A R Y ------------

Command Line: -XX:HeapDumpPath=MojangTricksIntelDriversForPerformance_javaw.exe_minecraft.exe.heapdump -Djava.library.path=C:\Users\James\AppData\Roaming\.jfcraft-Vanilla-Expanded-1.20.1\versions\1.20.1-forge-47.2.0\natives -Djna.tmpdir=C:\Users\James\AppData\Roaming\.jfcraft-Vanilla-Expanded-1.20.1\versions\1.20.1-forge-47.2.0\natives -Dorg.lwjgl.system.SharedLibraryExtractPath=C:\Users\James\AppData\Roaming\.jfcraft-Vanilla-Expanded-1.20.1\versions\1.20.1-forge-47.2.0\natives -Dio.netty.native.workdir=C:\Users\James\AppData\Roaming\.jfcraft-Vanilla-Expanded-1.20.1\versions\1.20.1-forge-47.2.0\natives -Dminecraft.launcher.brand=JFCRAFT -Dminecraft.launcher.version=1.0.0 -Djava.net.preferIPv6Addresses=system -DignoreList=bootstraplauncher,securejarhandler,asm-commons,asm-util,asm-analysis,asm-tree,asm,JarJarFileSystems,client-extra,fmlcore,javafmllanguage,lowcodelanguage,mclanguage,forge-,1.20.1-forge-47.2.0.jar -DmergeModules=jna-5.10.0.jar,jna-platform-5.10.0.jar -DlibraryDirectory=C:\Users\James\AppData\Roaming\.jfcraft-Vanilla-Expanded-1.20.1\libraries --module-path=C:\Users\James\AppData\Roaming\.jfcraft-Vanilla-Expanded-1.20.1\libraries/cpw/mods/bootstraplauncher/1.1.2/bootstraplauncher-1.1.2.jar;C:\Users\James\AppData\Roaming\.jfcraft-Vanilla-Expanded-1.20.1\libraries/cpw/mods/securejarhandler/2.1.10/securejarhandler-2.1.10.jar;C:\Users\James\AppData\Roaming\.jfcraft-Vanilla-Expanded-1.20.1\libraries/org/ow2/asm/asm-commons/9.5/asm-commons-9.5.jar;C:\Users\James\AppData\Roaming\.jfcraft-Vanilla-Expanded-1.20.1\libraries/org/ow2/asm/asm-util/9.5/asm-util-9.5.jar;C:\Users\James\AppData\Roaming\.jfcraft-Vanilla-Expanded-1.20.1\libraries/org/ow2/asm/asm-analysis/9.5/asm-analysis-9.5.jar;C:\Users\James\AppData\Roaming\.jfcraft-Vanilla-Expanded-1.20.1\libraries/org/ow2/asm/asm-tree/9.5/asm-tree-9.5.jar;C:\Users\James\AppData\Roaming\.jfcraft-Vanilla-Expanded-1.20.1\libraries/org/ow2/asm/asm/9.5/asm-9.5.jar;C:\Users\James\AppData\Roaming\.jfcraft-Vanilla-Expanded-1.20.1\libraries/net/minecraftforge/JarJarFileSystems/0.3.19/JarJarFileSystems-0.3.19.jar --add-modules=ALL-MODULE-PATH --add-opens=java.base/java.util.jar=cpw.mods.securejarhandler --add-opens=java.base/java.lang.invoke=cpw.mods.securejarhandler --add-exports=java.base/sun.security.util=cpw.mods.securejarhandler --add-exports=jdk.naming.dns/com.sun.jndi.dns=java.naming cpw.mods.bootstraplauncher.BootstrapLauncher --username test --version 1.20.1-forge-47.2.0 --gameDir C:\Users\James\AppData\Roaming\.jfcraft-Vanilla-Expanded-1.20.1 --assetsDir C:\Users\James\AppData\Roaming\.jfcraft-Vanilla-Expanded-1.20.1\assets --assetIndex 5 --uuid {uuid} --accessToken {token} --clientId ${clientid} --xuid ${auth_xuid} --userType msa --versionType release --launchTarget forgeclient --fml.forgeVersion 47.2.0 --fml.mcVersion 1.20.1 --fml.forgeGroup net.minecraftforge --fml.mcpVersion 20230612.114412 --server 5.165.35.192 --port 25566

Host: AMD Ryzen 5 5600H with Radeon Graphics         , 12 cores, 15G,  Windows 10 , 64 bit Build 19041 (10.0.19041.3636)
Time: Sat Apr 27 00:19:21 2024 RTZ 3 (s 10 , 64 bit Build 19041 (10.0.19041.3636) elapsed time: 5.171966 seconds (0d 0h 0m 5s)

---------------  T H R E A D  ---------------

Current thread (0x0000020c399ab5e0):  JavaThread "main" [_thread_in_native, id=8676, stack(0x000000e824b00000,0x000000e824c00000)]

Stack: [0x000000e824b00000,0x000000e824c00000],  sp=0x000000e824bfb6a8,  free space=1005k
Native frames: (J=compiled Java code, j=interpreted, Vv=VM code, C=native code)
C  [atio6axx.dll+0x196280]

Java frames: (J=compiled Java code, j=interpreted, Vv=VM code)
j  org.lwjgl.system.JNI.invokePPPP(IIJJJJ)J+0 org.lwjgl@3.3.1+7
j  org.lwjgl.glfw.GLFW.nglfwCreateWindow(IIJJJ)J+14 org.lwjgl.glfw@3.3.1+7
j  org.lwjgl.glfw.GLFW.glfwCreateWindow(IILjava/lang/CharSequence;JJ)J+34 org.lwjgl.glfw@3.3.1+7
j  net.minecraftforge.fml.earlydisplay.DisplayWindow.initWindow(Ljava/lang/String;)V+408 fmlearlydisplay@1.20.1-47.2.0
j  net.minecraftforge.fml.earlydisplay.DisplayWindow.start(Ljava/lang/String;Ljava/lang/String;)Ljava/lang/Runnable;+14 fmlearlydisplay@1.20.1-47.2.0
j  net.minecraftforge.fml.earlydisplay.DisplayWindow.initialize([Ljava/lang/String;)Ljava/lang/Runnable;+410 fmlearlydisplay@1.20.1-47.2.0
j  net.minecraftforge.fml.loading.ImmediateWindowHandler.load(Ljava/lang/String;[Ljava/lang/String;)V+180 fmlloader@1.20.1-47.2.0
j  net.minecraftforge.fml.loading.ModDirTransformerDiscoverer.earlyInitialization(Ljava/lang/String;[Ljava/lang/String;)V+2 fmlloader@1.20.1-47.2.0
j  cpw.mods.modlauncher.TransformationServicesHandler.lambda$discoverServices$18(Lcpw/mods/modlauncher/ArgumentHandler$DiscoveryData;Lcpw/mods/modlauncher/serviceapi/ITransformerDiscoveryService;)V+9 cpw.mods.modlauncher@10.0.9
j  cpw.mods.modlauncher.TransformationServicesHandler$$Lambda$419+0x00000008002abc78.accept(Ljava/lang/Object;)V+8 cpw.mods.modlauncher@10.0.9
J 2281 c1 java.lang.Iterable.forEach(Ljava/util/function/Consumer;)V java.base@17.0.8 (39 bytes) @ 0x0000020c3d4c5f9c [0x0000020c3d4c5ca0+0x00000000000002fc]
j  cpw.mods.modlauncher.TransformationServicesHandler.discoverServices(Lcpw/mods/modlauncher/ArgumentHandler$DiscoveryData;)V+145 cpw.mods.modlauncher@10.0.9
j  cpw.mods.modlauncher.Launcher.run([Ljava/lang/String;)V+14 cpw.mods.modlauncher@10.0.9
j  cpw.mods.modlauncher.Launcher.main([Ljava/lang/String;)V+78 cpw.mods.modlauncher@10.0.9
j  cpw.mods.modlauncher.BootstrapLaunchConsumer.accept([Ljava/lang/String;)V+1 cpw.mods.modlauncher@10.0.9
j  cpw.mods.modlauncher.BootstrapLaunchConsumer.accept(Ljava/lang/Object;)V+5 cpw.mods.modlauncher@10.0.9
j  cpw.mods.bootstraplauncher.BootstrapLauncher.main([Ljava/lang/String;)V+515 cpw.mods.bootstraplauncher@1.1.2
v  ~StubRoutines::call_stub

siginfo: EXCEPTION_ACCESS_VIOLATION (0xc0000005), reading address 0xffffffffffffffff


Register to memory mapping:

RIP=0x00007ffef4c96280 atio6axx.dll
RAX=0x0 is NULL
RBX=0x00007ffef8525a80 atio6axx.dll
RCX=0x737953656c694672 is an unknown value
RDX=0x00000000000000d0 is an unknown value
RSP=0x000000e824bfb6a8 is pointing into the stack for thread: 0x0000020c399ab5e0
RBP=0x000000e824bfb810 is pointing into the stack for thread: 0x0000020c399ab5e0
RSI=0x000000e824bfb768 is pointing into the stack for thread: 0x0000020c399ab5e0
RDI=0x000000e824bfbb00 is pointing into the stack for thread: 0x0000020c399ab5e0
R8 =0x00000000000001a5 is an unknown value
R9 =0x737953656c694672 is an unknown value
R10=0x0 is NULL
R11=0x0000000000000200 is an unknown value
R12=0x00007ffef8525a80 atio6axx.dll
R13=0x00007ffef8525ad8 atio6axx.dll
R14=0x00007ffef8434f88 atio6axx.dll
R15=0x0 is NULL


Registers:
RAX=0x0000000000000000, RBX=0x00007ffef8525a80, RCX=0x737953656c694672, RDX=0x00000000000000d0
RSP=0x000000e824bfb6a8, RBP=0x000000e824bfb810, RSI=0x000000e824bfb768, RDI=0x000000e824bfbb00
R8 =0x00000000000001a5, R9 =0x737953656c694672, R10=0x0000000000000000, R11=0x0000000000000200
R12=0x00007ffef8525a80, R13=0x00007ffef8525ad8, R14=0x00007ffef8434f88, R15=0x0000000000000000
RIP=0x00007ffef4c96280, EFLAGS=0x0000000000010202

Top of Stack: (sp=0x000000e824bfb6a8)
0x000000e824bfb6a8:   00007ffef4c9659c 00007ffef85286f0
0x000000e824bfb6b8:   0000020c5ef6c2e8 0000000000000000
0x000000e824bfb6c8:   00007ffef4c975ad 000000e824bfbb00
0x000000e824bfb6d8:   00007ffef4c51af4 00007ffef8525a80
0x000000e824bfb6e8:   000000e824bfb768 0000652e6176616a
0x000000e824bfb6f8:   0000bdcec12b644c 000000e824bfbb00
0x000000e824bfb708:   00007ffef4c52ab5 00007ffef8525a88
0x000000e824bfb718:   000000e824bfb768 000000e824bfb768
0x000000e824bfb728:   0000020c60a9619c 0000000000000000
0x000000e824bfb738:   00007fff00000009 0000020c60a96354
0x000000e824bfb748:   0000020c60a964a0 00007ffef8525a88
0x000000e824bfb758:   000000e824bfbb00 000000e824bfb90e
0x000000e824bfb768:   00007f006176616a 800000006176616a
0x000000e824bfb778:   00007fff756ecd54 46676e697274535c
0x000000e824bfb788:   5c6f666e49656c69 3062343039303430
0x000000e824bfb798:   726556656c69465c 000000006e6f6973 

Instructions: (pc=0x00007ffef4c96280)
0x00007ffef4c96180:   74 09 33 c9 ff 15 c6 72 6b 03 90 48 8b c3 48 83
0x00007ffef4c96190:   c4 20 5b c3 cc cc cc cc cc cc cc cc cc cc cc cc
0x00007ffef4c961a0:   48 83 ec 28 48 8b 51 08 48 85 d2 74 09 33 c9 ff
0x00007ffef4c961b0:   15 9b 72 6b 03 90 48 83 c4 28 c3 cc cc cc cc cc
0x00007ffef4c961c0:   48 89 11 c3 cc cc cc cc cc cc cc cc cc cc cc cc
0x00007ffef4c961d0:   48 8b c1 c3 cc cc cc cc cc cc cc cc cc cc cc cc
0x00007ffef4c961e0:   48 3b ca 74 10 41 8b 00 39 01 74 09 48 83 c1 04
0x00007ffef4c961f0:   48 3b ca 75 f3 48 8b c1 c3 cc cc cc cc cc cc cc
0x00007ffef4c96200:   48 8b c1 c3 cc cc cc cc cc cc cc cc cc cc cc cc
0x00007ffef4c96210:   48 83 39 00 0f 94 c0 c3 cc cc cc cc cc cc cc cc
0x00007ffef4c96220:   4c 8d 04 d5 00 00 00 00 33 d2 e9 d1 6e e0 01 cc
0x00007ffef4c96230:   4c 8b 41 08 48 8b 02 49 89 00 48 83 41 08 08 c3
0x00007ffef4c96240:   48 8b c1 c3 cc cc cc cc cc cc cc cc cc cc cc cc
0x00007ffef4c96250:   48 8b c1 c3 cc cc cc cc cc cc cc cc cc cc cc cc
0x00007ffef4c96260:   49 8b 00 48 89 02 c3 cc cc cc cc cc cc cc cc cc
0x00007ffef4c96270:   8b 81 48 39 00 00 c3 cc cc cc cc cc cc cc cc cc
0x00007ffef4c96280:   8b 81 48 39 00 00 83 c0 f0 83 f8 68 0f 87 5a 01
0x00007ffef4c96290:   00 00 48 8d 15 67 9d e6 ff 0f b6 84 02 10 64 19
0x00007ffef4c962a0:   00 8b 8c 82 f0 63 19 00 48 03 ca ff e1 48 8b 0d
0x00007ffef4c962b0:   ec 5d 83 03 83 b9 04 37 00 00 02 0f 87 2b 01 00
0x00007ffef4c962c0:   00 48 8d 91 30 2b 00 00 c7 02 e1 00 00 00 e9 ce
0x00007ffef4c962d0:   00 00 00 48 8b 0d c6 5d 83 03 83 b9 04 37 00 00
0x00007ffef4c962e0:   02 0f 87 05 01 00 00 48 8d 91 30 2b 00 00 c7 02
0x00007ffef4c962f0:   f0 00 00 00 e9 a8 00 00 00 48 8b 0d a0 5d 83 03
0x00007ffef4c96300:   83 b9 04 37 00 00 02 0f 87 df 00 00 00 48 8d 91
0x00007ffef4c96310:   30 2b 00 00 c7 02 00 04 00 00 e9 82 00 00 00 48
0x00007ffef4c96320:   8b 0d 7a 5d 83 03 83 b9 04 37 00 00 02 0f 87 b9
0x00007ffef4c96330:   00 00 00 48 8d 91 30 2b 00 00 c7 02 00 08 00 00
0x00007ffef4c96340:   eb 5f 48 8b 0d 57 5d 83 03 83 b9 04 37 00 00 02
0x00007ffef4c96350:   0f 87 96 00 00 00 48 8d 91 30 2b 00 00 c7 02 00
0x00007ffef4c96360:   09 00 00 eb 3c 48 8b 0d 34 5d 83 03 83 b9 04 37
0x00007ffef4c96370:   00 00 02 77 77 48 8d 91 30 2b 00 00 c7 02 3c 0f 


Stack slot to memory mapping:
stack at sp + 0 slots: 0x00007ffef4c9659c atio6axx.dll
stack at sp + 1 slots: 0x00007ffef85286f0 atio6axx.dll
stack at sp + 2 slots: 0x0000020c5ef6c2e8 points into unknown readable memory: 0x00007ffef7d2d2f0 | f0 d2 d2 f7 fe 7f 00 00
stack at sp + 3 slots: 0x0 is NULL
stack at sp + 4 slots: 0x00007ffef4c975ad atio6axx.dll
stack at sp + 5 slots: 0x000000e824bfbb00 is pointing into the stack for thread: 0x0000020c399ab5e0
stack at sp + 6 slots: 0x00007ffef4c51af4 atio6axx.dll
stack at sp + 7 slots: 0x00007ffef8525a80 atio6axx.dll


---------------  P R O C E S S  ---------------

Threads class SMR info:
_java_thread_list=0x0000020c5f8ec610, length=14, elements={
0x0000020c399ab5e0, 0x0000020c5867f020, 0x0000020c58175f50, 0x0000020c5868a3c0,
0x0000020c5868bca0, 0x0000020c5868c570, 0x0000020c5868ce40, 0x0000020c5868da40,
0x0000020c586b3490, 0x0000020c586b3da0, 0x0000020c58797f50, 0x0000020c589ae260,
0x0000020c5ecb8540, 0x0000020c5d3ae090
}

Java Threads: ( => current thread )
=>0x0000020c399ab5e0 JavaThread "main" [_thread_in_native, id=8676, stack(0x000000e824b00000,0x000000e824c00000)]
  0x0000020c5867f020 JavaThread "Reference Handler" daemon [_thread_blocked, id=11440, stack(0x000000e825200000,0x000000e825300000)]
  0x0000020c58175f50 JavaThread "Finalizer" daemon [_thread_blocked, id=11832, stack(0x000000e825300000,0x000000e825400000)]
  0x0000020c5868a3c0 JavaThread "Signal Dispatcher" daemon [_thread_blocked, id=10104, stack(0x000000e825400000,0x000000e825500000)]
  0x0000020c5868bca0 JavaThread "Attach Listener" daemon [_thread_blocked, id=5484, stack(0x000000e825500000,0x000000e825600000)]
  0x0000020c5868c570 JavaThread "Service Thread" daemon [_thread_blocked, id=9732, stack(0x000000e825600000,0x000000e825700000)]
  0x0000020c5868ce40 JavaThread "Monitor Deflation Thread" daemon [_thread_blocked, id=4256, stack(0x000000e825700000,0x000000e825800000)]
  0x0000020c5868da40 JavaThread "C2 CompilerThread0" daemon [_thread_blocked, id=4720, stack(0x000000e825800000,0x000000e825900000)]
  0x0000020c586b3490 JavaThread "C1 CompilerThread0" daemon [_thread_blocked, id=8964, stack(0x000000e825900000,0x000000e825a00000)]
  0x0000020c586b3da0 JavaThread "Sweeper thread" daemon [_thread_blocked, id=6040, stack(0x000000e825a00000,0x000000e825b00000)]
  0x0000020c58797f50 JavaThread "Common-Cleaner" daemon [_thread_blocked, id=2896, stack(0x000000e825b00000,0x000000e825c00000)]
  0x0000020c589ae260 JavaThread "Notification Thread" daemon [_thread_blocked, id=6964, stack(0x000000e825d00000,0x000000e825e00000)]
  0x0000020c5ecb8540 JavaThread "C2 CompilerThread1" daemon [_thread_blocked, id=7728, stack(0x000000e825c00000,0x000000e825d00000)]
  0x0000020c5d3ae090 JavaThread "pool-2-thread-1" daemon [_thread_blocked, id=15124, stack(0x000000e826d00000,0x000000e826e00000)]

Other Threads:
  0x0000020c58134f80 VMThread "VM Thread" [stack: 0x000000e825100000,0x000000e825200000] [id=13204]
  0x0000020c58913c60 WatcherThread [stack: 0x000000e825e00000,0x000000e825f00000] [id=13568]
  0x0000020c39a12d30 GCTaskThread "GC Thread#0" [stack: 0x000000e824c00000,0x000000e824d00000] [id=4504]
  0x0000020c586a22a0 GCTaskThread "GC Thread#1" [stack: 0x000000e826000000,0x000000e826100000] [id=5800]
  0x0000020c586a2ae0 GCTaskThread "GC Thread#2" [stack: 0x000000e826100000,0x000000e826200000] [id=11720]
  0x0000020c586a1220 GCTaskThread "GC Thread#3" [stack: 0x000000e826200000,0x000000e826300000] [id=4604]
  0x0000020c586a1a60 GCTaskThread "GC Thread#4" [stack: 0x000000e826300000,0x000000e826400000] [id=5168]
  0x0000020c586a1d20 GCTaskThread "GC Thread#5" [stack: 0x000000e826400000,0x000000e826500000] [id=7948]
  0x0000020c5ec397f0 GCTaskThread "GC Thread#6" [stack: 0x000000e826500000,0x000000e826600000] [id=9176]
  0x0000020c5ec3a870 GCTaskThread "GC Thread#7" [stack: 0x000000e826600000,0x000000e826700000] [id=14748]
  0x0000020c5ec38cf0 GCTaskThread "GC Thread#8" [stack: 0x000000e826700000,0x000000e826800000] [id=4664]
  0x0000020c5ec39d70 GCTaskThread "GC Thread#9" [stack: 0x000000e826800000,0x000000e826900000] [id=14328]
  0x0000020c39a23210 ConcurrentGCThread "G1 Main Marker" [stack: 0x000000e824d00000,0x000000e824e00000] [id=2756]
  0x0000020c39a252e0 ConcurrentGCThread "G1 Conc#0" [stack: 0x000000e824e00000,0x000000e824f00000] [id=8580]
  0x0000020c5ec3adf0 ConcurrentGCThread "G1 Conc#1" [stack: 0x000000e826900000,0x000000e826a00000] [id=3080]
  0x0000020c5ec3bbb0 ConcurrentGCThread "G1 Conc#2" [stack: 0x000000e826a00000,0x000000e826b00000] [id=8596]
  0x0000020c58063aa0 ConcurrentGCThread "G1 Refine#0" [stack: 0x000000e824f00000,0x000000e825000000] [id=13376]
  0x0000020c39a4d870 ConcurrentGCThread "G1 Service" [stack: 0x000000e825000000,0x000000e825100000] [id=10828]

Threads with active compile tasks:

VM state: not at safepoint (normal execution)

VM Mutex/Monitor currently owned by a thread: None

Heap address: 0x0000000709800000, size: 3944 MB, Compressed Oops mode: Zero based, Oop shift amount: 3

CDS archive(s) not mapped
Compressed class space mapped at: 0x0000000800000000-0x0000000840000000, reserved size: 1073741824
Narrow klass base: 0x0000000800000000, Narrow klass shift: 0, Narrow klass range: 0x40000000

GC Precious Log:
 CPUs: 12 total, 12 available
 Memory: 15775M
 Large Page Support: Disabled
 NUMA Support: Disabled
 Compressed Oops: Enabled (Zero based)
 Heap Region Size: 2M
 Heap Min Capacity: 8M
 Heap Initial Capacity: 248M
 Heap Max Capacity: 3944M
 Pre-touch: Disabled
 Parallel Workers: 10
 Concurrent Workers: 3
 Concurrent Refinement Workers: 10
 Periodic GC: Disabled

Heap:
 garbage-first heap   total 208896K, used 103866K [0x0000000709800000, 0x0000000800000000)
  region size 2048K, 9 young (18432K), 3 survivors (6144K)
 Metaspace       used 25564K, committed 25920K, reserved 1114112K
  class space    used 2697K, committed 2880K, reserved 1048576K

Heap Regions: E=young(eden), S=young(survivor), O=old, HS=humongous(starts), HC=humongous(continues), CS=collection set, F=free, OA=open archive, CA=closed archive, TAMS=top-at-mark-start (previous, next)
|   0|0x0000000709800000, 0x0000000709a00000, 0x0000000709a00000|100%|HS|  |TAMS 0x0000000709a00000, 0x0000000709800000| Complete 
|   1|0x0000000709a00000, 0x0000000709c00000, 0x0000000709c00000|100%|HS|  |TAMS 0x0000000709c00000, 0x0000000709a00000| Complete 
|   2|0x0000000709c00000, 0x0000000709e00000, 0x0000000709e00000|100%| O|  |TAMS 0x0000000709e00000, 0x0000000709c00000| Untracked 
|   3|0x0000000709e00000, 0x000000070a000000, 0x000000070a000000|100%| O|  |TAMS 0x000000070a000000, 0x0000000709e00000| Untracked 
|   4|0x000000070a000000, 0x000000070a200000, 0x000000070a200000|100%| O|  |TAMS 0x000000070a200000, 0x000000070a000000| Untracked 
|   5|0x000000070a200000, 0x000000070a400000, 0x000000070a400000|100%| O|  |TAMS 0x000000070a400000, 0x000000070a200000| Untracked 
|   6|0x000000070a400000, 0x000000070a600000, 0x000000070a600000|100%|HS|  |TAMS 0x000000070a600000, 0x000000070a400000| Complete 
|   7|0x000000070a600000, 0x000000070a800000, 0x000000070a800000|100%|HS|  |TAMS 0x000000070a800000, 0x000000070a600000| Complete 
|   8|0x000000070a800000, 0x000000070aa00000, 0x000000070aa00000|100%| O|  |TAMS 0x000000070aa00000, 0x000000070a800000| Untracked 
|   9|0x000000070aa00000, 0x000000070ac00000, 0x000000070ac00000|100%| O|  |TAMS 0x000000070ac00000, 0x000000070aa00000| Untracked 
|  10|0x000000070ac00000, 0x000000070ae00000, 0x000000070ae00000|100%| O|  |TAMS 0x000000070ac3f400, 0x000000070ac00000| Untracked 
|  11|0x000000070ae00000, 0x000000070b000000, 0x000000070b000000|100%| O|  |TAMS 0x000000070ae00000, 0x000000070ae00000| Untracked 
|  12|0x000000070b000000, 0x000000070b200000, 0x000000070b200000|100%| O|  |TAMS 0x000000070b000000, 0x000000070b000000| Untracked 
|  13|0x000000070b200000, 0x000000070b400000, 0x000000070b400000|100%| O|  |TAMS 0x000000070b200000, 0x000000070b200000| Untracked 
|  14|0x000000070b400000, 0x000000070b488600, 0x000000070b600000| 26%| O|  |TAMS 0x000000070b400000, 0x000000070b400000| Untracked 
|  15|0x000000070b600000, 0x000000070b800000, 0x000000070b800000|100%|HS|  |TAMS 0x000000070b600000, 0x000000070b600000| Complete 
|  16|0x000000070b800000, 0x000000070ba00000, 0x000000070ba00000|100%| O|  |TAMS 0x000000070b800000, 0x000000070b800000| Untracked 
|  17|0x000000070ba00000, 0x000000070bc00000, 0x000000070bc00000|100%| O|  |TAMS 0x000000070ba00000, 0x000000070ba00000| Untracked 
|  18|0x000000070bc00000, 0x000000070be00000, 0x000000070be00000|100%| O|  |TAMS 0x000000070bc00000, 0x000000070bc00000| Untracked 
|  19|0x000000070be00000, 0x000000070c000000, 0x000000070c000000|100%| O|  |TAMS 0x000000070be00000, 0x000000070be00000| Untracked 
|  20|0x000000070c000000, 0x000000070c200000, 0x000000070c200000|100%| O|  |TAMS 0x000000070c000000, 0x000000070c000000| Untracked 
|  21|0x000000070c200000, 0x000000070c400000, 0x000000070c400000|100%|HS|  |TAMS 0x000000070c200000, 0x000000070c200000| Complete 
|  22|0x000000070c400000, 0x000000070c600000, 0x000000070c600000|100%|HS|  |TAMS 0x000000070c400000, 0x000000070c400000| Complete 
|  23|0x000000070c600000, 0x000000070c800000, 0x000000070c800000|100%| O|  |TAMS 0x000000070c600000, 0x000000070c600000| Untracked 
|  24|0x000000070c800000, 0x000000070ca00000, 0x000000070ca00000|100%| O|  |TAMS 0x000000070c800000, 0x000000070c800000| Untracked 
|  25|0x000000070ca00000, 0x000000070cc00000, 0x000000070cc00000|100%| O|  |TAMS 0x000000070ca00000, 0x000000070ca00000| Untracked 
|  26|0x000000070cc00000, 0x000000070ce00000, 0x000000070ce00000|100%| O|  |TAMS 0x000000070cc00000, 0x000000070cc00000| Untracked 
|  27|0x000000070ce00000, 0x000000070d000000, 0x000000070d000000|100%| O|  |TAMS 0x000000070ce00000, 0x000000070ce00000| Untracked 
|  28|0x000000070d000000, 0x000000070d200000, 0x000000070d200000|100%| O|  |TAMS 0x000000070d000000, 0x000000070d000000| Untracked 
|  29|0x000000070d200000, 0x000000070d400000, 0x000000070d400000|100%| O|  |TAMS 0x000000070d200000, 0x000000070d200000| Untracked 
|  30|0x000000070d400000, 0x000000070d600000, 0x000000070d600000|100%| O|  |TAMS 0x000000070d400000, 0x000000070d400000| Untracked 
|  31|0x000000070d600000, 0x000000070d800000, 0x000000070d800000|100%|HS|  |TAMS 0x000000070d600000, 0x000000070d600000| Complete 
|  32|0x000000070d800000, 0x000000070da00000, 0x000000070da00000|100%|HC|  |TAMS 0x000000070d800000, 0x000000070d800000| Complete 
|  33|0x000000070da00000, 0x000000070dc00000, 0x000000070dc00000|100%| O|  |TAMS 0x000000070da00000, 0x000000070da00000| Untracked 
|  34|0x000000070dc00000, 0x000000070de00000, 0x000000070de00000|100%| O|  |TAMS 0x000000070dc00000, 0x000000070dc00000| Untracked 
|  35|0x000000070de00000, 0x000000070e000000, 0x000000070e000000|100%| O|  |TAMS 0x000000070de00000, 0x000000070de00000| Untracked 
|  36|0x000000070e000000, 0x000000070e200000, 0x000000070e200000|100%|HS|  |TAMS 0x000000070e000000, 0x000000070e000000| Complete 
|  37|0x000000070e200000, 0x000000070e400000, 0x000000070e400000|100%| O|  |TAMS 0x000000070e200000, 0x000000070e200000| Untracked 
|  38|0x000000070e400000, 0x000000070e600000, 0x000000070e600000|100%| O|  |TAMS 0x000000070e400000, 0x000000070e400000| Untracked 
|  39|0x000000070e600000, 0x000000070e800000, 0x000000070e800000|100%| O|  |TAMS 0x000000070e600000, 0x000000070e600000| Untracked 
|  40|0x000000070e800000, 0x000000070ea00000, 0x000000070ea00000|100%| O|  |TAMS 0x000000070e800000, 0x000000070e800000| Untracked 
|  41|0x000000070ea00000, 0x000000070ec00000, 0x000000070ec00000|100%| O|  |TAMS 0x000000070ea00000, 0x000000070ea00000| Untracked 
|  42|0x000000070ec00000, 0x000000070ee00000, 0x000000070ee00000|100%| O|  |TAMS 0x000000070ec00000, 0x000000070ec00000| Untracked 
|  43|0x000000070ee00000, 0x000000070f000000, 0x000000070f000000|100%| O|  |TAMS 0x000000070ee00000, 0x000000070ee00000| Untracked 
|  44|0x000000070f000000, 0x000000070f0e6200, 0x000000070f200000| 44%| O|  |TAMS 0x000000070f000000, 0x000000070f000000| Untracked 
|  45|0x000000070f200000, 0x000000070f200000, 0x000000070f400000|  0%| F|  |TAMS 0x000000070f200000, 0x000000070f200000| Untracked 
|  46|0x000000070f400000, 0x000000070f400000, 0x000000070f600000|  0%| F|  |TAMS 0x000000070f400000, 0x000000070f400000| Untracked 
|  47|0x000000070f600000, 0x000000070f600000, 0x000000070f800000|  0%| F|  |TAMS 0x000000070f600000, 0x000000070f600000| Untracked 
|  48|0x000000070f800000, 0x000000070f800000, 0x000000070fa00000|  0%| F|  |TAMS 0x000000070f800000, 0x000000070f800000| Untracked 
|  49|0x000000070fa00000, 0x000000070fa00000, 0x000000070fc00000|  0%| F|  |TAMS 0x000000070fa00000, 0x000000070fa00000| Untracked 
|  50|0x000000070fc00000, 0x000000070fc00000, 0x000000070fe00000|  0%| F|  |TAMS 0x000000070fc00000, 0x000000070fc00000| Untracked 
|  51|0x000000070fe00000, 0x000000070fe00000, 0x0000000710000000|  0%| F|  |TAMS 0x000000070fe00000, 0x000000070fe00000| Untracked 
|  52|0x0000000710000000, 0x0000000710000000, 0x0000000710200000|  0%| F|  |TAMS 0x0000000710000000, 0x0000000710000000| Untracked 
|  53|0x0000000710200000, 0x0000000710200000, 0x0000000710400000|  0%| F|  |TAMS 0x0000000710200000, 0x0000000710200000| Untracked 
|  54|0x0000000710400000, 0x0000000710400000, 0x0000000710600000|  0%| F|  |TAMS 0x0000000710400000, 0x0000000710400000| Untracked 
|  55|0x0000000710600000, 0x0000000710600000, 0x0000000710800000|  0%| F|  |TAMS 0x0000000710600000, 0x0000000710600000| Untracked 
|  56|0x0000000710800000, 0x0000000710800000, 0x0000000710a00000|  0%| F|  |TAMS 0x0000000710800000, 0x0000000710800000| Untracked 
|  57|0x0000000710a00000, 0x0000000710a00000, 0x0000000710c00000|  0%| F|  |TAMS 0x0000000710a00000, 0x0000000710a00000| Untracked 
|  58|0x0000000710c00000, 0x0000000710c00000, 0x0000000710e00000|  0%| F|  |TAMS 0x0000000710c00000, 0x0000000710c00000| Untracked 
|  59|0x0000000710e00000, 0x0000000710e00000, 0x0000000711000000|  0%| F|  |TAMS 0x0000000710e00000, 0x0000000710e00000| Untracked 
|  60|0x0000000711000000, 0x0000000711000000, 0x0000000711200000|  0%| F|  |TAMS 0x0000000711000000, 0x0000000711000000| Untracked 
|  61|0x0000000711200000, 0x0000000711200000, 0x0000000711400000|  0%| F|  |TAMS 0x0000000711200000, 0x0000000711200000| Untracked 
|  62|0x0000000711400000, 0x0000000711400000, 0x0000000711600000|  0%| F|  |TAMS 0x0000000711400000, 0x0000000711400000| Untracked 
|  63|0x0000000711600000, 0x0000000711600000, 0x0000000711800000|  0%| F|  |TAMS 0x0000000711600000, 0x0000000711600000| Untracked 
|  64|0x0000000711800000, 0x0000000711a00000, 0x0000000711a00000|100%| S|CS|TAMS 0x0000000711800000, 0x0000000711800000| Complete 
|  65|0x0000000711a00000, 0x0000000711c00000, 0x0000000711c00000|100%| S|CS|TAMS 0x0000000711a00000, 0x0000000711a00000| Complete 
|  66|0x0000000711c00000, 0x0000000711e00000, 0x0000000711e00000|100%| S|CS|TAMS 0x0000000711c00000, 0x0000000711c00000| Complete 
|  67|0x0000000711e00000, 0x0000000711e00000, 0x0000000712000000|  0%| F|  |TAMS 0x0000000711e00000, 0x0000000711e00000| Untracked 
|  68|0x0000000712000000, 0x0000000712000000, 0x0000000712200000|  0%| F|  |TAMS 0x0000000712000000, 0x0000000712000000| Untracked 
|  69|0x0000000712200000, 0x0000000712200000, 0x0000000712400000|  0%| F|  |TAMS 0x0000000712200000, 0x0000000712200000| Untracked 
|  70|0x0000000712400000, 0x0000000712400000, 0x0000000712600000|  0%| F|  |TAMS 0x0000000712400000, 0x0000000712400000| Untracked 
|  71|0x0000000712600000, 0x0000000712600000, 0x0000000712800000|  0%| F|  |TAMS 0x0000000712600000, 0x0000000712600000| Untracked 
|  72|0x0000000712800000, 0x0000000712800000, 0x0000000712a00000|  0%| F|  |TAMS 0x0000000712800000, 0x0000000712800000| Untracked 
|  73|0x0000000712a00000, 0x0000000712a00000, 0x0000000712c00000|  0%| F|  |TAMS 0x0000000712a00000, 0x0000000712a00000| Untracked 
|  74|0x0000000712c00000, 0x0000000712c00000, 0x0000000712e00000|  0%| F|  |TAMS 0x0000000712c00000, 0x0000000712c00000| Untracked 
|  75|0x0000000712e00000, 0x0000000712e00000, 0x0000000713000000|  0%| F|  |TAMS 0x0000000712e00000, 0x0000000712e00000| Untracked 
|  76|0x0000000713000000, 0x0000000713000000, 0x0000000713200000|  0%| F|  |TAMS 0x0000000713000000, 0x0000000713000000| Untracked 
|  77|0x0000000713200000, 0x0000000713200000, 0x0000000713400000|  0%| F|  |TAMS 0x0000000713200000, 0x0000000713200000| Untracked 
|  78|0x0000000713400000, 0x0000000713400000, 0x0000000713600000|  0%| F|  |TAMS 0x0000000713400000, 0x0000000713400000| Untracked 
|  79|0x0000000713600000, 0x0000000713600000, 0x0000000713800000|  0%| F|  |TAMS 0x0000000713600000, 0x0000000713600000| Untracked 
|  80|0x0000000713800000, 0x0000000713800000, 0x0000000713a00000|  0%| F|  |TAMS 0x0000000713800000, 0x0000000713800000| Untracked 
|  81|0x0000000713a00000, 0x0000000713a00000, 0x0000000713c00000|  0%| F|  |TAMS 0x0000000713a00000, 0x0000000713a00000| Untracked 
|  82|0x0000000713c00000, 0x0000000713c00000, 0x0000000713e00000|  0%| F|  |TAMS 0x0000000713c00000, 0x0000000713c00000| Untracked 
|  83|0x0000000713e00000, 0x0000000713e00000, 0x0000000714000000|  0%| F|  |TAMS 0x0000000713e00000, 0x0000000713e00000| Untracked 
|  84|0x0000000714000000, 0x0000000714000000, 0x0000000714200000|  0%| F|  |TAMS 0x0000000714000000, 0x0000000714000000| Untracked 
|  85|0x0000000714200000, 0x0000000714200000, 0x0000000714400000|  0%| F|  |TAMS 0x0000000714200000, 0x0000000714200000| Untracked 
|  86|0x0000000714400000, 0x0000000714400000, 0x0000000714600000|  0%| F|  |TAMS 0x0000000714400000, 0x0000000714400000| Untracked 
|  87|0x0000000714600000, 0x0000000714600000, 0x0000000714800000|  0%| F|  |TAMS 0x0000000714600000, 0x0000000714600000| Untracked 
|  88|0x0000000714800000, 0x0000000714800000, 0x0000000714a00000|  0%| F|  |TAMS 0x0000000714800000, 0x0000000714800000| Untracked 
|  89|0x0000000714a00000, 0x0000000714a00000, 0x0000000714c00000|  0%| F|  |TAMS 0x0000000714a00000, 0x0000000714a00000| Untracked 
|  90|0x0000000714c00000, 0x0000000714c00000, 0x0000000714e00000|  0%| F|  |TAMS 0x0000000714c00000, 0x0000000714c00000| Untracked 
|  91|0x0000000714e00000, 0x0000000714e00000, 0x0000000715000000|  0%| F|  |TAMS 0x0000000714e00000, 0x0000000714e00000| Untracked 
|  92|0x0000000715000000, 0x0000000715000000, 0x0000000715200000|  0%| F|  |TAMS 0x0000000715000000, 0x0000000715000000| Untracked 
|  93|0x0000000715200000, 0x0000000715200000, 0x0000000715400000|  0%| F|  |TAMS 0x0000000715200000, 0x0000000715200000| Untracked 
|  94|0x0000000715400000, 0x0000000715400000, 0x0000000715600000|  0%| F|  |TAMS 0x0000000715400000, 0x0000000715400000| Untracked 
|  95|0x0000000715600000, 0x0000000715600000, 0x0000000715800000|  0%| F|  |TAMS 0x0000000715600000, 0x0000000715600000| Untracked 
|  96|0x0000000715800000, 0x00000007159a5df0, 0x0000000715a00000| 82%| E|  |TAMS 0x0000000715800000, 0x0000000715800000| Complete 
|  97|0x0000000715a00000, 0x0000000715c00000, 0x0000000715c00000|100%| E|CS|TAMS 0x0000000715a00000, 0x0000000715a00000| Complete 
| 117|0x0000000718200000, 0x0000000718400000, 0x0000000718400000|100%| E|  |TAMS 0x0000000718200000, 0x0000000718200000| Complete 
| 118|0x0000000718400000, 0x0000000718600000, 0x0000000718600000|100%| E|CS|TAMS 0x0000000718400000, 0x0000000718400000| Complete 
| 119|0x0000000718600000, 0x0000000718800000, 0x0000000718800000|100%| E|CS|TAMS 0x0000000718600000, 0x0000000718600000| Complete 
| 123|0x0000000718e00000, 0x0000000719000000, 0x0000000719000000|100%| E|CS|TAMS 0x0000000718e00000, 0x0000000718e00000| Complete 

Card table byte_map: [0x0000020c4ce60000,0x0000020c4d620000] _byte_map_base: 0x0000020c49614000

Marking Bits (Prev, Next): (CMBitMap*) 0x0000020c39a132a0, (CMBitMap*) 0x0000020c39a13260
 Prev Bits: [0x0000020c51b80000, 0x0000020c55920000)
 Next Bits: [0x0000020c4dde0000, 0x0000020c51b80000)

Polling page: 0x0000020c377f0000

Metaspace:

Usage:
  Non-class:     22.33 MB used.
      Class:      2.63 MB used.
       Both:     24.97 MB used.

Virtual space:
  Non-class space:       64.00 MB reserved,      22.50 MB ( 35%) committed,  1 nodes.
      Class space:        1.00 GB reserved,       2.81 MB ( <1%) committed,  1 nodes.
             Both:        1.06 GB reserved,      25.31 MB (  2%) committed. 

Chunk freelists:
   Non-Class:  9.39 MB
       Class:  13.25 MB
        Both:  22.64 MB

MaxMetaspaceSize: unlimited
CompressedClassSpaceSize: 1.00 GB
Initial GC threshold: 21.00 MB
Current GC threshold: 35.12 MB
CDS: off
MetaspaceReclaimPolicy: balanced
 - commit_granule_bytes: 65536.
 - commit_granule_words: 8192.
 - virtual_space_node_default_size: 8388608.
 - enlarge_chunks_in_place: 1.
 - new_chunks_are_fully_committed: 0.
 - uncommit_free_chunks: 1.
 - use_allocation_guard: 0.
 - handle_deallocations: 1.


Internal statistics:

num_allocs_failed_limit: 3.
num_arena_births: 302.
num_arena_deaths: 0.
num_vsnodes_births: 2.
num_vsnodes_deaths: 0.
num_space_committed: 405.
num_space_uncommitted: 0.
num_chunks_returned_to_freelist: 3.
num_chunks_taken_from_freelist: 750.
num_chunk_merges: 3.
num_chunk_splits: 459.
num_chunks_enlarged: 286.
num_inconsistent_stats: 0.

CodeHeap 'non-profiled nmethods': size=120000Kb used=2000Kb max_used=2655Kb free=117999Kb
 bounds [0x0000020c44c10000, 0x0000020c44eb0000, 0x0000020c4c140000]
CodeHeap 'profiled nmethods': size=120000Kb used=5187Kb max_used=6515Kb free=114812Kb
 bounds [0x0000020c3d140000, 0x0000020c3d7a0000, 0x0000020c44670000]
CodeHeap 'non-nmethods': size=5760Kb used=1618Kb max_used=1638Kb free=4141Kb
 bounds [0x0000020c44670000, 0x0000020c448e0000, 0x0000020c44c10000]
 total_blobs=4132 nmethods=3088 adapters=956
 compilation: enabled
              stopped_count=0, restarted_count=0
 full_count=0

Compilation events (20 events):
Event: 5.117 Thread 0x0000020c5ecb8540 3918       4       java.util.Calendar::internalSet (8 bytes)
Event: 5.117 Thread 0x0000020c586b3490 nmethod 3910 0x0000020c3d1b9190 code [0x0000020c3d1b95c0, 0x0000020c3d1bb2a8]
Event: 5.117 Thread 0x0000020c586b3490 3914       3       java.lang.invoke.LambdaForm$Name::internArguments (62 bytes)
Event: 5.117 Thread 0x0000020c5ecb8540 nmethod 3918 0x0000020c44ca4390 code [0x0000020c44ca4500, 0x0000020c44ca45b8]
Event: 5.117 Thread 0x0000020c5ecb8540 3919       4       java.nio.Buffer::remaining (20 bytes)
Event: 5.118 Thread 0x0000020c586b3490 nmethod 3914 0x0000020c3d4ba290 code [0x0000020c3d4ba480, 0x0000020c3d4bab88]
Event: 5.118 Thread 0x0000020c586b3490 3911       3       java.lang.invoke.MemberName::isPrivate (8 bytes)
Event: 5.118 Thread 0x0000020c5ecb8540 nmethod 3919 0x0000020c44e4d490 code [0x0000020c44e4d600, 0x0000020c44e4d698]
Event: 5.118 Thread 0x0000020c586b3490 nmethod 3911 0x0000020c3d245490 code [0x0000020c3d245620, 0x0000020c3d2457f8]
Event: 5.118 Thread 0x0000020c586b3490 3912       3       java.lang.invoke.InvokerBytecodeGenerator::emitStaticInvoke (258 bytes)
Event: 5.119 Thread 0x0000020c586b3490 nmethod 3912 0x0000020c3d76c390 code [0x0000020c3d76c6a0, 0x0000020c3d76d628]
Event: 5.119 Thread 0x0000020c586b3490 3913       3       java.lang.invoke.InvokerBytecodeGenerator::refKindOpcode (112 bytes)
Event: 5.119 Thread 0x0000020c586b3490 nmethod 3913 0x0000020c3d3f2d10 code [0x0000020c3d3f2f80, 0x0000020c3d3f3838]
Event: 5.120 Thread 0x0000020c586b3490 3917       1       java.util.Calendar::getZone (5 bytes)
Event: 5.120 Thread 0x0000020c586b3490 nmethod 3917 0x0000020c44e4d090 code [0x0000020c44e4d220, 0x0000020c44e4d2f8]
Event: 5.120 Thread 0x0000020c586b3490 3915       1       java.lang.invoke.InvokerBytecodeGenerator::setClassWriter (6 bytes)
Event: 5.120 Thread 0x0000020c586b3490 nmethod 3915 0x0000020c44c89a10 code [0x0000020c44c89ba0, 0x0000020c44c89cb8]
Event: 5.120 Thread 0x0000020c586b3490 3916       1       java.lang.Class::getClassData (5 bytes)
Event: 5.120 Thread 0x0000020c586b3490 nmethod 3916 0x0000020c44c89710 code [0x0000020c44c898a0, 0x0000020c44c89978]
Event: 5.121 Thread 0x0000020c5868da40 nmethod 3892 0x0000020c44d1f510 code [0x0000020c44d1f720, 0x0000020c44d20de8]

GC Heap History (20 events):
Event: 3.160 GC heap before
{Heap before GC invocations=5 (full 0):
 garbage-first heap   total 253952K, used 40352K [0x0000000709800000, 0x0000000800000000)
  region size 2048K, 11 young (22528K), 7 survivors (14336K)
 Metaspace       used 21260K, committed 21504K, reserved 1114112K
  class space    used 2191K, committed 2304K, reserved 1048576K
}
Event: 3.167 GC heap after
{Heap after GC invocations=6 (full 0):
 garbage-first heap   total 253952K, used 35361K [0x0000000709800000, 0x0000000800000000)
  region size 2048K, 3 young (6144K), 3 survivors (6144K)
 Metaspace       used 21260K, committed 21504K, reserved 1114112K
  class space    used 2191K, committed 2304K, reserved 1048576K
}
Event: 3.727 GC heap before
{Heap before GC invocations=7 (full 0):
 garbage-first heap   total 131072K, used 109089K [0x0000000709800000, 0x0000000800000000)
  region size 2048K, 38 young (77824K), 3 survivors (6144K)
 Metaspace       used 24189K, committed 24448K, reserved 1114112K
  class space    used 2587K, committed 2752K, reserved 1048576K
}
Event: 3.734 GC heap after
{Heap after GC invocations=8 (full 0):
 garbage-first heap   total 131072K, used 44734K [0x0000000709800000, 0x0000000800000000)
  region size 2048K, 5 young (10240K), 5 survivors (10240K)
 Metaspace       used 24189K, committed 24448K, reserved 1114112K
  class space    used 2587K, committed 2752K, reserved 1048576K
}
Event: 3.859 GC heap before
{Heap before GC invocations=8 (full 0):
 garbage-first heap   total 131072K, used 97982K [0x0000000709800000, 0x0000000800000000)
  region size 2048K, 31 young (63488K), 5 survivors (10240K)
 Metaspace       used 24203K, committed 24512K, reserved 1114112K
  class space    used 2588K, committed 2752K, reserved 1048576K
}
Event: 3.866 GC heap after
{Heap after GC invocations=9 (full 0):
 garbage-first heap   total 157696K, used 49477K [0x0000000709800000, 0x0000000800000000)
  region size 2048K, 3 young (6144K), 3 survivors (6144K)
 Metaspace       used 24203K, committed 24512K, reserved 1114112K
  class space    used 2588K, committed 2752K, reserved 1048576K
}
Event: 4.108 GC heap before
{Heap before GC invocations=9 (full 0):
 garbage-first heap   total 157696K, used 121157K [0x0000000709800000, 0x0000000800000000)
  region size 2048K, 37 young (75776K), 3 survivors (6144K)
 Metaspace       used 24223K, committed 24576K, reserved 1114112K
  class space    used 2589K, committed 2752K, reserved 1048576K
}
Event: 4.112 GC heap after
{Heap after GC invocations=10 (full 0):
 garbage-first heap   total 157696K, used 53813K [0x0000000709800000, 0x0000000800000000)
  region size 2048K, 4 young (8192K), 4 survivors (8192K)
 Metaspace       used 24223K, committed 24576K, reserved 1114112K
  class space    used 2589K, committed 2752K, reserved 1048576K
}
Event: 4.309 GC heap before
{Heap before GC invocations=10 (full 0):
 garbage-first heap   total 157696K, used 121397K [0x0000000709800000, 0x0000000800000000)
  region size 2048K, 36 young (73728K), 4 survivors (8192K)
 Metaspace       used 24272K, committed 24640K, reserved 1114112K
  class space    used 2590K, committed 2752K, reserved 1048576K
}
Event: 4.315 GC heap after
{Heap after GC invocations=11 (full 0):
 garbage-first heap   total 157696K, used 61988K [0x0000000709800000, 0x0000000800000000)
  region size 2048K, 5 young (10240K), 5 survivors (10240K)
 Metaspace       used 24272K, committed 24640K, reserved 1114112K
  class space    used 2590K, committed 2752K, reserved 1048576K
}
Event: 4.427 GC heap before
{Heap before GC invocations=11 (full 0):
 garbage-first heap   total 157696K, used 119332K [0x0000000709800000, 0x0000000800000000)
  region size 2048K, 33 young (67584K), 5 survivors (10240K)
 Metaspace       used 24279K, committed 24640K, reserved 1114112K
  class space    used 2590K, committed 2752K, reserved 1048576K
}
Event: 4.432 GC heap after
{Heap after GC invocations=12 (full 0):
 garbage-first heap   total 157696K, used 67332K [0x0000000709800000, 0x0000000800000000)
  region size 2048K, 3 young (6144K), 3 survivors (6144K)
 Metaspace       used 24279K, committed 24640K, reserved 1114112K
  class space    used 2590K, committed 2752K, reserved 1048576K
}
Event: 4.515 GC heap before
{Heap before GC invocations=12 (full 0):
 garbage-first heap   total 157696K, used 124676K [0x0000000709800000, 0x0000000800000000)
  region size 2048K, 29 young (59392K), 3 survivors (6144K)
 Metaspace       used 24286K, committed 24640K, reserved 1114112K
  class space    used 2590K, committed 2752K, reserved 1048576K
}
Event: 4.519 GC heap after
{Heap after GC invocations=13 (full 0):
 garbage-first heap   total 208896K, used 77101K [0x0000000709800000, 0x0000000800000000)
  region size 2048K, 3 young (6144K), 3 survivors (6144K)
 Metaspace       used 24286K, committed 24640K, reserved 1114112K
  class space    used 2590K, committed 2752K, reserved 1048576K
}
Event: 4.682 GC heap before
{Heap before GC invocations=13 (full 0):
 garbage-first heap   total 208896K, used 159021K [0x0000000709800000, 0x0000000800000000)
  region size 2048K, 43 young (88064K), 3 survivors (6144K)
 Metaspace       used 24289K, committed 24640K, reserved 1114112K
  class space    used 2590K, committed 2752K, reserved 1048576K
}
Event: 4.686 GC heap after
{Heap after GC invocations=14 (full 0):
 garbage-first heap   total 208896K, used 81115K [0x0000000709800000, 0x0000000800000000)
  region size 2048K, 5 young (10240K), 5 survivors (10240K)
 Metaspace       used 24289K, committed 24640K, reserved 1114112K
  class space    used 2590K, committed 2752K, reserved 1048576K
}
Event: 4.850 GC heap before
{Heap before GC invocations=14 (full 0):
 garbage-first heap   total 208896K, used 163035K [0x0000000709800000, 0x0000000800000000)
  region size 2048K, 44 young (90112K), 5 survivors (10240K)
 Metaspace       used 24310K, committed 24640K, reserved 1114112K
  class space    used 2590K, committed 2752K, reserved 1048576K
}
Event: 4.855 GC heap after
{Heap after GC invocations=15 (full 0):
 garbage-first heap   total 208896K, used 88826K [0x0000000709800000, 0x0000000800000000)
  region size 2048K, 5 young (10240K), 5 survivors (10240K)
 Metaspace       used 24310K, committed 24640K, reserved 1114112K
  class space    used 2590K, committed 2752K, reserved 1048576K
}
Event: 5.011 GC heap before
{Heap before GC invocations=15 (full 0):
 garbage-first heap   total 208896K, used 160506K [0x0000000709800000, 0x0000000800000000)
  region size 2048K, 40 young (81920K), 5 survivors (10240K)
 Metaspace       used 24329K, committed 24640K, reserved 1114112K
  class space    used 2590K, committed 2752K, reserved 1048576K
}
Event: 5.017 GC heap after
{Heap after GC invocations=16 (full 0):
 garbage-first heap   total 208896K, used 95674K [0x0000000709800000, 0x0000000800000000)
  region size 2048K, 3 young (6144K), 3 survivors (6144K)
 Metaspace       used 24329K, committed 24640K, reserved 1114112K
  class space    used 2590K, committed 2752K, reserved 1048576K
}

Dll operation events (10 events):
Event: 0.007 Loaded shared library C:\Users\James\AppData\Roaming\.jfcraft-Vanilla-Expanded-1.20.1\runtime\java-runtime-gamma\windows-x64\java-runtime-gamma\bin\java.dll
Event: 0.035 Loaded shared library C:\Users\James\AppData\Roaming\.jfcraft-Vanilla-Expanded-1.20.1\runtime\java-runtime-gamma\windows-x64\java-runtime-gamma\bin\jsvml.dll
Event: 0.240 Loaded shared library C:\Users\James\AppData\Roaming\.jfcraft-Vanilla-Expanded-1.20.1\runtime\java-runtime-gamma\windows-x64\java-runtime-gamma\bin\net.dll
Event: 0.242 Loaded shared library C:\Users\James\AppData\Roaming\.jfcraft-Vanilla-Expanded-1.20.1\runtime\java-runtime-gamma\windows-x64\java-runtime-gamma\bin\nio.dll
Event: 0.250 Loaded shared library C:\Users\James\AppData\Roaming\.jfcraft-Vanilla-Expanded-1.20.1\runtime\java-runtime-gamma\windows-x64\java-runtime-gamma\bin\zip.dll
Event: 0.352 Loaded shared library C:\Users\James\AppData\Roaming\.jfcraft-Vanilla-Expanded-1.20.1\runtime\java-runtime-gamma\windows-x64\java-runtime-gamma\bin\jimage.dll
Event: 0.644 Loaded shared library C:\Users\James\AppData\Roaming\.jfcraft-Vanilla-Expanded-1.20.1\runtime\java-runtime-gamma\windows-x64\java-runtime-gamma\bin\verify.dll
Event: 2.772 Loaded shared library C:\Users\James\AppData\Roaming\.jfcraft-Vanilla-Expanded-1.20.1\runtime\java-runtime-gamma\windows-x64\java-runtime-gamma\bin\management.dll
Event: 2.775 Loaded shared library C:\Users\James\AppData\Roaming\.jfcraft-Vanilla-Expanded-1.20.1\runtime\java-runtime-gamma\windows-x64\java-runtime-gamma\bin\management_ext.dll
Event: 5.074 Loaded shared library C:\Users\James\AppData\Roaming\.jfcraft-Vanilla-Expanded-1.20.1\versions\1.20.1-forge-47.2.0\natives\lwjgl.dll

Deoptimization events (20 events):
Event: 4.757 Thread 0x0000020c399ab5e0 DEOPT PACKING pc=0x0000020c44d31b44 sp=0x000000e824bfdb70
Event: 4.757 Thread 0x0000020c399ab5e0 DEOPT UNPACKING pc=0x0000020c446c69a3 sp=0x000000e824bfdb40 mode 2
Event: 5.025 Thread 0x0000020c399ab5e0 Uncommon trap: trap_request=0xffffffc6 fr.pc=0x0000020c44c71124 relative=0x0000000000000284
Event: 5.025 Thread 0x0000020c399ab5e0 Uncommon trap: reason=bimorphic_or_optimized_type_check action=maybe_recompile pc=0x0000020c44c71124 method=java.util.regex.Pattern$Begin.match(Ljava/util/regex/Matcher;ILjava/lang/CharSequence;)Z @ 30 c2
Event: 5.025 Thread 0x0000020c399ab5e0 DEOPT PACKING pc=0x0000020c44c71124 sp=0x000000e824bfe110
Event: 5.025 Thread 0x0000020c399ab5e0 DEOPT UNPACKING pc=0x0000020c446c69a3 sp=0x000000e824bfe0a0 mode 2
Event: 5.025 Thread 0x0000020c399ab5e0 Uncommon trap: trap_request=0xffffffde fr.pc=0x0000020c44e91a70 relative=0x0000000000006550
Event: 5.025 Thread 0x0000020c399ab5e0 Uncommon trap: reason=class_check action=maybe_recompile pc=0x0000020c44e91a70 method=java.nio.file.FileTreeWalker.next()Ljava/nio/file/FileTreeWalker$Event; @ 76 c2
Event: 5.025 Thread 0x0000020c399ab5e0 DEOPT PACKING pc=0x0000020c44e91a70 sp=0x000000e824bfe7a0
Event: 5.025 Thread 0x0000020c399ab5e0 DEOPT UNPACKING pc=0x0000020c446c69a3 sp=0x000000e824bfe7d8 mode 2
Event: 5.029 Thread 0x0000020c399ab5e0 Uncommon trap: trap_request=0xffffffc6 fr.pc=0x0000020c44dd9620 relative=0x0000000000000d60
Event: 5.029 Thread 0x0000020c399ab5e0 Uncommon trap: reason=bimorphic_or_optimized_type_check action=maybe_recompile pc=0x0000020c44dd9620 method=java.util.stream.AbstractPipeline.exactOutputSizeIfKnown(Ljava/util/Spliterator;)J @ 16 c2
Event: 5.029 Thread 0x0000020c399ab5e0 DEOPT PACKING pc=0x0000020c44dd9620 sp=0x000000e824bff080
Event: 5.029 Thread 0x0000020c399ab5e0 DEOPT UNPACKING pc=0x0000020c446c69a3 sp=0x000000e824bfef00 mode 2
Event: 5.035 Thread 0x0000020c399ab5e0 DEOPT PACKING pc=0x0000020c3d76003b sp=0x000000e824bfde10
Event: 5.035 Thread 0x0000020c399ab5e0 DEOPT UNPACKING pc=0x0000020c446c7143 sp=0x000000e824bfd348 mode 0
Event: 5.115 Thread 0x0000020c5d3ae090 Uncommon trap: trap_request=0xffffff45 fr.pc=0x0000020c44d1e5a4 relative=0x0000000000000104
Event: 5.115 Thread 0x0000020c5d3ae090 Uncommon trap: reason=unstable_if action=reinterpret pc=0x0000020c44d1e5a4 method=java.util.concurrent.TimeUnit.convert(JLjava/util/concurrent/TimeUnit;)J @ 8 c2
Event: 5.115 Thread 0x0000020c5d3ae090 DEOPT PACKING pc=0x0000020c44d1e5a4 sp=0x000000e826dff420
Event: 5.115 Thread 0x0000020c5d3ae090 DEOPT UNPACKING pc=0x0000020c446c69a3 sp=0x000000e826dff3d0 mode 2

Classes unloaded (0 events):
No events

Classes redefined (0 events):
No events

Internal exceptions (20 events):
Event: 3.417 Thread 0x0000020c399ab5e0 Exception <a 'java/lang/NoSuchMethodError'{0x00000007104cac68}: 'void java.lang.invoke.DirectMethodHandle$Holder.invokeStaticInit(java.lang.Object, java.lang.Object)'> (0x00000007104cac68) 
thrown [s\src\hotspot\share\interpreter\linkResolver.cpp, line 759]
Event: 3.418 Thread 0x0000020c399ab5e0 Exception <a 'java/lang/NoSuchMethodError'{0x00000007104d74e0}: 'java.lang.Object java.lang.invoke.DirectMethodHandle$Holder.invokeStaticInit(java.lang.Object, java.lang.Object, java.lang.Object, java.lang.Object)'> (0x00000007104d74e0) 
thrown [s\src\hotspot\share\interpreter\linkResolver.cpp, line 759]
Event: 3.419 Thread 0x0000020c399ab5e0 Exception <a 'java/lang/IncompatibleClassChangeError'{0x00000007104dcd88}: Found class java.lang.Object, but interface was expected> (0x00000007104dcd88) 
thrown [s\src\hotspot\share\interpreter\linkResolver.cpp, line 826]
Event: 3.422 Thread 0x0000020c399ab5e0 Exception <a 'java/lang/IncompatibleClassChangeError'{0x00000007105125b0}: Found class java.lang.Object, but interface was expected> (0x00000007105125b0) 
thrown [s\src\hotspot\share\interpreter\linkResolver.cpp, line 826]
Event: 3.448 Thread 0x0000020c399ab5e0 Exception <a 'sun/nio/fs/WindowsException'{0x00000007102a45c8}> (0x00000007102a45c8) 
thrown [s\src\hotspot\share\prims\jni.cpp, line 516]
Event: 4.757 Thread 0x0000020c399ab5e0 Implicit null exception at 0x0000020c44d31004 to 0x0000020c44d31b18
Event: 5.030 Thread 0x0000020c399ab5e0 Exception <a 'java/lang/NoSuchMethodError'{0x0000000718fe42f8}: 'java.lang.Object java.lang.invoke.DirectMethodHandle$Holder.invokeVirtual(java.lang.Object, java.lang.Object, java.lang.Object)'> (0x0000000718fe42f8) 
thrown [s\src\hotspot\share\interpreter\linkResolver.cpp, line 759]
Event: 5.047 Thread 0x0000020c399ab5e0 Exception <a 'java/lang/NoSuchMethodError'{0x0000000718747bc8}: 'java.lang.Object java.lang.invoke.DirectMethodHandle$Holder.invokeStatic(java.lang.Object, int, java.lang.Object, java.lang.Object, java.lang.Object, java.lang.Object)'> (0x0000000718747bc8) 
thrown [s\src\hotspot\share\interpreter\linkResolver.cpp, line 759]
Event: 5.048 Thread 0x0000020c399ab5e0 Exception <a 'java/lang/NoSuchMethodError'{0x00000007187503f0}: 'java.lang.Object java.lang.invoke.DirectMethodHandle$Holder.newInvokeSpecial(java.lang.Object, int, java.lang.Object, java.lang.Object)'> (0x00000007187503f0) 
thrown [s\src\hotspot\share\interpreter\linkResolver.cpp, line 759]
Event: 5.048 Thread 0x0000020c399ab5e0 Exception <a 'java/lang/NoSuchMethodError'{0x00000007187544f8}: 'java.lang.Object java.lang.invoke.DirectMethodHandle$Holder.invokeSpecial(java.lang.Object, java.lang.Object, int, java.lang.Object, java.lang.Object)'> (0x00000007187544f8) 
thrown [s\src\hotspot\share\interpreter\linkResolver.cpp, line 759]
Event: 5.072 Thread 0x0000020c399ab5e0 Exception <a 'sun/nio/fs/WindowsException'{0x00000007185af070}> (0x00000007185af070) 
thrown [s\src\hotspot\share\prims\jni.cpp, line 516]
Event: 5.072 Thread 0x0000020c399ab5e0 Exception <a 'sun/nio/fs/WindowsException'{0x00000007185af4c0}> (0x00000007185af4c0) 
thrown [s\src\hotspot\share\prims\jni.cpp, line 516]
Event: 5.079 Thread 0x0000020c399ab5e0 Exception <a 'sun/nio/fs/WindowsException'{0x00000007183e4248}> (0x00000007183e4248) 
thrown [s\src\hotspot\share\prims\jni.cpp, line 516]
Event: 5.079 Thread 0x0000020c399ab5e0 Exception <a 'sun/nio/fs/WindowsException'{0x00000007183e46b0}> (0x00000007183e46b0) 
thrown [s\src\hotspot\share\prims\jni.cpp, line 516]
Event: 5.085 Thread 0x0000020c399ab5e0 Exception <a 'java/lang/NoSuchMethodError'{0x0000000715ac48e0}: 'int java.lang.invoke.DirectMethodHandle$Holder.invokeStaticInit(java.lang.Object, java.lang.Object, int, long)'> (0x0000000715ac48e0) 
thrown [s\src\hotspot\share\interpreter\linkResolver.cpp, line 759]
Event: 5.086 Thread 0x0000020c399ab5e0 Exception <a 'java/lang/NoSuchMethodError'{0x0000000715aca470}: 'java.lang.Object java.lang.invoke.DirectMethodHandle$Holder.newInvokeSpecial(java.lang.Object, java.lang.Object, int)'> (0x0000000715aca470) 
thrown [s\src\hotspot\share\interpreter\linkResolver.cpp, line 759]
Event: 5.087 Thread 0x0000020c399ab5e0 Exception <a 'java/lang/NoSuchMethodError'{0x0000000715ade148}: 'int java.lang.invoke.DirectMethodHandle$Holder.invokeStaticInit(java.lang.Object, java.lang.Object, long, long)'> (0x0000000715ade148) 
thrown [s\src\hotspot\share\interpreter\linkResolver.cpp, line 759]
Event: 5.087 Thread 0x0000020c399ab5e0 Exception <a 'java/lang/NoSuchMethodError'{0x0000000715ae40a0}: 'java.lang.Object java.lang.invoke.DirectMethodHandle$Holder.newInvokeSpecial(java.lang.Object, java.lang.Object, long)'> (0x0000000715ae40a0) 
thrown [s\src\hotspot\share\interpreter\linkResolver.cpp, line 759]
Event: 5.087 Thread 0x0000020c399ab5e0 Exception <a 'java/lang/NoSuchMethodError'{0x0000000715ae7c10}: 'java.lang.Object java.lang.invoke.Invokers$Holder.linkToTargetMethod(java.lang.Object, long, java.lang.Object)'> (0x0000000715ae7c10) 
thrown [s\src\hotspot\share\interpreter\linkResolver.cpp, line 759]
Event: 5.088 Thread 0x0000020c399ab5e0 Exception <a 'java/lang/NoSuchMethodError'{0x0000000715aef388}: 'int java.lang.invoke.DirectMethodHandle$Holder.invokeStaticInit(java.lang.Object, java.lang.Object, java.lang.Object, long)'> (0x0000000715aef388) 
thrown [s\src\hotspot\share\interpreter\linkResolver.cpp, line 759]

VM Operations (20 events):
Event: 4.108 Executing VM operation: G1CollectForAllocation
Event: 4.112 Executing VM operation: G1CollectForAllocation done
Event: 4.132 Executing VM operation: HandshakeAllThreads
Event: 4.132 Executing VM operation: HandshakeAllThreads done
Event: 4.161 Executing VM operation: HandshakeAllThreads
Event: 4.161 Executing VM operation: HandshakeAllThreads done
Event: 4.182 Executing VM operation: HandshakeAllThreads
Event: 4.182 Executing VM operation: HandshakeAllThreads done
Event: 4.309 Executing VM operation: G1CollectForAllocation
Event: 4.315 Executing VM operation: G1CollectForAllocation done
Event: 4.427 Executing VM operation: G1CollectForAllocation
Event: 4.432 Executing VM operation: G1CollectForAllocation done
Event: 4.515 Executing VM operation: G1CollectForAllocation
Event: 4.519 Executing VM operation: G1CollectForAllocation done
Event: 4.682 Executing VM operation: G1CollectForAllocation
Event: 4.686 Executing VM operation: G1CollectForAllocation done
Event: 4.850 Executing VM operation: G1CollectForAllocation
Event: 4.856 Executing VM operation: G1CollectForAllocation done
Event: 5.011 Executing VM operation: G1CollectForAllocation
Event: 5.017 Executing VM operation: G1CollectForAllocation done

Events (20 events):
Event: 5.089 loading class java/nio/InvalidMarkException
Event: 5.089 loading class java/nio/InvalidMarkException done
Event: 5.089 loading class java/nio/BufferUnderflowException
Event: 5.089 loading class java/nio/BufferUnderflowException done
Event: 5.095 Thread 0x0000020c5ecb8540 Thread added: 0x0000020c5ecb8540
Event: 5.113 loading class java/util/concurrent/ScheduledThreadPoolExecutor$ScheduledFutureTask
Event: 5.114 loading class java/util/concurrent/FutureTask
Event: 5.114 loading class java/util/concurrent/FutureTask done
Event: 5.114 loading class java/util/concurrent/ScheduledThreadPoolExecutor$ScheduledFutureTask done
Event: 5.114 loading class java/util/concurrent/FutureTask$WaitNode
Event: 5.114 loading class java/util/concurrent/FutureTask$WaitNode done
Event: 5.114 loading class java/util/concurrent/Executors$RunnableAdapter
Event: 5.114 loading class java/util/concurrent/Executors$RunnableAdapter done
Event: 5.114 loading class java/util/concurrent/ThreadPoolExecutor$Worker
Event: 5.114 loading class java/util/concurrent/ThreadPoolExecutor$Worker done
Event: 5.114 Thread 0x0000020c5d3ae090 Thread added: 0x0000020c5d3ae090
Event: 5.115 loading class java/util/concurrent/locks/AbstractQueuedSynchronizer$ConditionNode
Event: 5.115 loading class java/util/concurrent/ForkJoinPool$ManagedBlocker
Event: 5.115 loading class java/util/concurrent/ForkJoinPool$ManagedBlocker done
Event: 5.115 loading class java/util/concurrent/locks/AbstractQueuedSynchronizer$ConditionNode done


Dynamic libraries:
0x00007ff6d42c0000 - 0x00007ff6d42ce000 	C:\Users\James\AppData\Roaming\.jfcraft-Vanilla-Expanded-1.20.1\runtime\java-runtime-gamma\windows-x64\java-runtime-gamma\bin\java.exe
0x00007fff756b0000 - 0x00007fff758a8000 	C:\Windows\SYSTEM32\ntdll.dll
0x00007fff738c0000 - 0x00007fff7397d000 	C:\Windows\System32\KERNEL32.DLL
0x00007fff72ff0000 - 0x00007fff732e6000 	C:\Windows\System32\KERNELBASE.dll
0x00007fff73420000 - 0x00007fff73520000 	C:\Windows\System32\ucrtbase.dll
0x00007fff54880000 - 0x00007fff54897000 	C:\Users\James\AppData\Roaming\.jfcraft-Vanilla-Expanded-1.20.1\runtime\java-runtime-gamma\windows-x64\java-runtime-gamma\bin\jli.dll
0x00007fff504d0000 - 0x00007fff504eb000 	C:\Users\James\AppData\Roaming\.jfcraft-Vanilla-Expanded-1.20.1\runtime\java-runtime-gamma\windows-x64\java-runtime-gamma\bin\VCRUNTIME140.dll
0x00007fff73bd0000 - 0x00007fff73d6f000 	C:\Windows\System32\USER32.dll
0x00007fff733f0000 - 0x00007fff73412000 	C:\Windows\System32\win32u.dll
0x00007fff60c30000 - 0x00007fff60eca000 	C:\Windows\WinSxS\amd64_microsoft.windows.common-controls_6595b64144ccf1df_6.0.19041.3636_none_60b6a03d71f818d5\COMCTL32.dll
0x00007fff745a0000 - 0x00007fff745cb000 	C:\Windows\System32\GDI32.dll
0x00007fff74e30000 - 0x00007fff74ece000 	C:\Windows\System32\msvcrt.dll
0x00007fff73520000 - 0x00007fff73637000 	C:\Windows\System32\gdi32full.dll
0x00007fff72d60000 - 0x00007fff72dfd000 	C:\Windows\System32\msvcp_win.dll
0x00007fff73d90000 - 0x00007fff73dc2000 	C:\Windows\System32\IMM32.DLL
0x00007fff66c10000 - 0x00007fff66c1c000 	C:\Users\James\AppData\Roaming\.jfcraft-Vanilla-Expanded-1.20.1\runtime\java-runtime-gamma\windows-x64\java-runtime-gamma\bin\vcruntime140_1.dll
0x00007fff427e0000 - 0x00007fff4286d000 	C:\Users\James\AppData\Roaming\.jfcraft-Vanilla-Expanded-1.20.1\runtime\java-runtime-gamma\windows-x64\java-runtime-gamma\bin\msvcp140.dll
0x00007ffef8790000 - 0x00007ffef93f5000 	C:\Users\James\AppData\Roaming\.jfcraft-Vanilla-Expanded-1.20.1\runtime\java-runtime-gamma\windows-x64\java-runtime-gamma\bin\server\jvm.dll
0x00007fff74ed0000 - 0x00007fff74f80000 	C:\Windows\System32\ADVAPI32.dll
0x00007fff74a30000 - 0x00007fff74ad0000 	C:\Windows\System32\sechost.dll
0x00007fff746b0000 - 0x00007fff747d3000 	C:\Windows\System32\RPCRT4.dll
0x00007fff73640000 - 0x00007fff73667000 	C:\Windows\System32\bcrypt.dll
0x00007fff72bc0000 - 0x00007fff72c0b000 	C:\Windows\SYSTEM32\POWRPROF.dll
0x00007fff68e20000 - 0x00007fff68e47000 	C:\Windows\SYSTEM32\WINMM.dll
0x00007fff68a30000 - 0x00007fff68a3a000 	C:\Windows\SYSTEM32\VERSION.dll
0x00007fff700a0000 - 0x00007fff700a9000 	C:\Windows\SYSTEM32\WSOCK32.dll
0x00007fff74640000 - 0x00007fff746ab000 	C:\Windows\System32\WS2_32.dll
0x00007fff72ba0000 - 0x00007fff72bb2000 	C:\Windows\SYSTEM32\UMPDC.dll
0x00007fff71580000 - 0x00007fff71592000 	C:\Windows\SYSTEM32\kernel.appcore.dll
0x00007fff655a0000 - 0x00007fff655aa000 	C:\Users\James\AppData\Roaming\.jfcraft-Vanilla-Expanded-1.20.1\runtime\java-runtime-gamma\windows-x64\java-runtime-gamma\bin\jimage.dll
0x00007fff712a0000 - 0x00007fff71484000 	C:\Windows\SYSTEM32\DBGHELP.DLL
0x00007fff687c0000 - 0x00007fff687f4000 	C:\Windows\SYSTEM32\dbgcore.DLL
0x00007fff72e00000 - 0x00007fff72e82000 	C:\Windows\System32\bcryptPrimitives.dll
0x00007fff504a0000 - 0x00007fff504c5000 	C:\Users\James\AppData\Roaming\.jfcraft-Vanilla-Expanded-1.20.1\runtime\java-runtime-gamma\windows-x64\java-runtime-gamma\bin\java.dll
0x00007fff4f180000 - 0x00007fff4f198000 	C:\Users\James\AppData\Roaming\.jfcraft-Vanilla-Expanded-1.20.1\runtime\java-runtime-gamma\windows-x64\java-runtime-gamma\bin\zip.dll
0x00007fff273b0000 - 0x00007fff27487000 	C:\Users\James\AppData\Roaming\.jfcraft-Vanilla-Expanded-1.20.1\runtime\java-runtime-gamma\windows-x64\java-runtime-gamma\bin\jsvml.dll
0x00007fff73dd0000 - 0x00007fff7453b000 	C:\Windows\System32\SHELL32.dll
0x00007fff70a30000 - 0x00007fff711ce000 	C:\Windows\SYSTEM32\windows.storage.dll
0x00007fff74ad0000 - 0x00007fff74e23000 	C:\Windows\System32\combase.dll
0x00007fff72720000 - 0x00007fff7274e000 	C:\Windows\SYSTEM32\Wldp.dll
0x00007fff75130000 - 0x00007fff751fd000 	C:\Windows\System32\OLEAUT32.dll
0x00007fff736e0000 - 0x00007fff7378d000 	C:\Windows\System32\SHCORE.dll
0x00007fff745e0000 - 0x00007fff74635000 	C:\Windows\System32\shlwapi.dll
0x00007fff72c90000 - 0x00007fff72cb3000 	C:\Windows\SYSTEM32\profapi.dll
0x00007fff4d800000 - 0x00007fff4d819000 	C:\Users\James\AppData\Roaming\.jfcraft-Vanilla-Expanded-1.20.1\runtime\java-runtime-gamma\windows-x64\java-runtime-gamma\bin\net.dll
0x00007fff6d6b0000 - 0x00007fff6d7ba000 	C:\Windows\SYSTEM32\WINHTTP.dll
0x00007fff72480000 - 0x00007fff724ea000 	C:\Windows\system32\mswsock.dll
0x00007fff4d7e0000 - 0x00007fff4d7f6000 	C:\Users\James\AppData\Roaming\.jfcraft-Vanilla-Expanded-1.20.1\runtime\java-runtime-gamma\windows-x64\java-runtime-gamma\bin\nio.dll
0x00007fff633f0000 - 0x00007fff63400000 	C:\Users\James\AppData\Roaming\.jfcraft-Vanilla-Expanded-1.20.1\runtime\java-runtime-gamma\windows-x64\java-runtime-gamma\bin\verify.dll
0x00007fff5cea0000 - 0x00007fff5cea9000 	C:\Users\James\AppData\Roaming\.jfcraft-Vanilla-Expanded-1.20.1\runtime\java-runtime-gamma\windows-x64\java-runtime-gamma\bin\management.dll
0x00007fff5a5a0000 - 0x00007fff5a5ab000 	C:\Users\James\AppData\Roaming\.jfcraft-Vanilla-Expanded-1.20.1\runtime\java-runtime-gamma\windows-x64\java-runtime-gamma\bin\management_ext.dll
0x00007fff745d0000 - 0x00007fff745d8000 	C:\Windows\System32\PSAPI.DLL
0x00007fff3ca20000 - 0x00007fff3ca37000 	C:\Windows\system32\napinsp.dll
0x00007fff3ca00000 - 0x00007fff3ca1b000 	C:\Windows\system32\pnrpnsp.dll
0x00007fff6d8e0000 - 0x00007fff6d8f5000 	C:\Windows\system32\wshbth.dll
0x00007fff6e330000 - 0x00007fff6e34d000 	C:\Windows\system32\NLAapi.dll
0x00007fff72160000 - 0x00007fff7219b000 	C:\Windows\SYSTEM32\IPHLPAPI.DLL
0x00007fff721a0000 - 0x00007fff7226b000 	C:\Windows\SYSTEM32\DNSAPI.dll
0x00007fff73790000 - 0x00007fff73798000 	C:\Windows\System32\NSI.dll
0x00007fff3c9c0000 - 0x00007fff3c9d2000 	C:\Windows\System32\winrnr.dll
0x00007fff6b240000 - 0x00007fff6b24a000 	C:\Windows\System32\rasadhlp.dll
0x00007fff69200000 - 0x00007fff69280000 	C:\Windows\System32\fwpuclnt.dll
0x00007fff31a40000 - 0x00007fff31ab5000 	C:\Users\James\AppData\Roaming\.jfcraft-Vanilla-Expanded-1.20.1\versions\1.20.1-forge-47.2.0\natives\lwjgl.dll
0x00007fff3c950000 - 0x00007fff3c9b1000 	C:\Users\James\AppData\Roaming\.jfcraft-Vanilla-Expanded-1.20.1\versions\1.20.1-forge-47.2.0\natives\glfw.dll
0x00007fff4cef0000 - 0x00007fff4cf35000 	C:\Windows\SYSTEM32\dinput8.dll
0x00007fff43120000 - 0x00007fff43131000 	C:\Windows\SYSTEM32\xinput1_4.dll
0x00007fff733a0000 - 0x00007fff733ee000 	C:\Windows\System32\cfgmgr32.dll
0x00007fff72a80000 - 0x00007fff72ab3000 	C:\Windows\SYSTEM32\DEVOBJ.dll
0x00007fff70720000 - 0x00007fff7074f000 	C:\Windows\SYSTEM32\dwmapi.dll
0x00007fff4b000000 - 0x00007fff4b152000 	C:\Windows\SYSTEM32\inputhost.dll
0x00007fff6e650000 - 0x00007fff6e7a7000 	C:\Windows\SYSTEM32\wintypes.dll
0x00007fff6fe70000 - 0x00007fff6ff62000 	C:\Windows\SYSTEM32\CoreMessaging.dll
0x00007fff6e4f0000 - 0x00007fff6e5e6000 	C:\Windows\SYSTEM32\PROPSYS.dll
0x00007fff6f790000 - 0x00007fff6faeb000 	C:\Windows\SYSTEM32\CoreUIComponents.dll
0x00007fff71ee0000 - 0x00007fff71f13000 	C:\Windows\SYSTEM32\ntmarta.dll
0x00007fff70270000 - 0x00007fff7030e000 	C:\Windows\system32\uxtheme.dll
0x00007fff737a0000 - 0x00007fff738b5000 	C:\Windows\System32\MSCTF.dll
0x00007fff50810000 - 0x00007fff50935000 	C:\Windows\SYSTEM32\opengl32.dll
0x00007fff68670000 - 0x00007fff6869c000 	C:\Windows\SYSTEM32\GLU32.dll
0x00007fff747e0000 - 0x00007fff74889000 	C:\Windows\System32\clbcatq.dll
0x00007fff4d7b0000 - 0x00007fff4d7dd000 	C:\Windows\System32\DriverStore\FileRepository\u0388684.inf_amd64_971ee0e7b7aba8d7\B388510\atig6pxx.dll
0x00007ffef4b00000 - 0x00007ffef878b000 	C:\Windows\System32\DriverStore\FileRepository\u0388684.inf_amd64_971ee0e7b7aba8d7\B388510\atio6axx.dll
0x00007fff75200000 - 0x00007fff7566e000 	C:\Windows\System32\SETUPAPI.dll
0x00007fff73670000 - 0x00007fff736d7000 	C:\Windows\System32\WINTRUST.dll
0x00007fff72e90000 - 0x00007fff72fee000 	C:\Windows\System32\CRYPT32.dll
0x00007fff728b0000 - 0x00007fff728c2000 	C:\Windows\SYSTEM32\MSASN1.dll

dbghelp: loaded successfully - version: 4.0.5 - missing functions: none
symbol engine: initialized successfully - sym options: 0x614 - pdb path: .;C:\Users\James\AppData\Roaming\.jfcraft-Vanilla-Expanded-1.20.1\runtime\java-runtime-gamma\windows-x64\java-runtime-gamma\bin;C:\Windows\SYSTEM32;C:\Windows\WinSxS\amd64_microsoft.windows.common-controls_6595b64144ccf1df_6.0.19041.3636_none_60b6a03d71f818d5;C:\Users\James\AppData\Roaming\.jfcraft-Vanilla-Expanded-1.20.1\runtime\java-runtime-gamma\windows-x64\java-runtime-gamma\bin\server;C:\Users\James\AppData\Roaming\.jfcraft-Vanilla-Expanded-1.20.1\versions\1.20.1-forge-47.2.0\natives;C:\Windows\System32\DriverStore\FileRepository\u0388684.inf_amd64_971ee0e7b7aba8d7\B388510

VM Arguments:
jvm_args: -XX:HeapDumpPath=MojangTricksIntelDriversForPerformance_javaw.exe_minecraft.exe.heapdump -Djava.library.path=C:\Users\James\AppData\Roaming\.jfcraft-Vanilla-Expanded-1.20.1\versions\1.20.1-forge-47.2.0\natives -Djna.tmpdir=C:\Users\James\AppData\Roaming\.jfcraft-Vanilla-Expanded-1.20.1\versions\1.20.1-forge-47.2.0\natives -Dorg.lwjgl.system.SharedLibraryExtractPath=C:\Users\James\AppData\Roaming\.jfcraft-Vanilla-Expanded-1.20.1\versions\1.20.1-forge-47.2.0\natives -Dio.netty.native.workdir=C:\Users\James\AppData\Roaming\.jfcraft-Vanilla-Expanded-1.20.1\versions\1.20.1-forge-47.2.0\natives -Dminecraft.launcher.brand=JFCRAFT -Dminecraft.launcher.version=1.0.0 -Djava.net.preferIPv6Addresses=system -DignoreList=bootstraplauncher,securejarhandler,asm-commons,asm-util,asm-analysis,asm-tree,asm,JarJarFileSystems,client-extra,fmlcore,javafmllanguage,lowcodelanguage,mclanguage,forge-,1.20.1-forge-47.2.0.jar -DmergeModules=jna-5.10.0.jar,jna-platform-5.10.0.jar -DlibraryDirectory=C:\Users\James\AppData\Roaming\.jfcraft-Vanilla-Expanded-1.20.1\libraries --module-path=C:\Users\James\AppData\Roaming\.jfcraft-Vanilla-Expanded-1.20.1\libraries/cpw/mods/bootstraplauncher/1.1.2/bootstraplauncher-1.1.2.jar;C:\Users\James\AppData\Roaming\.jfcraft-Vanilla-Expanded-1.20.1\libraries/cpw/mods/securejarhandler/2.1.10/securejarhandler-2.1.10.jar;C:\Users\James\AppData\Roaming\.jfcraft-Vanilla-Expanded-1.20.1\libraries/org/ow2/asm/asm-commons/9.5/asm-commons-9.5.jar;C:\Users\James\AppData\Roaming\.jfcraft-Vanilla-Expanded-1.20.1\libraries/org/ow2/asm/asm-util/9.5/asm-util-9.5.jar;C:\Users\James\AppData\Roaming\.jfcraft-Vanilla-Expanded-1.20.1\libraries/org/ow2/asm/asm-analysis/9.5/asm-analysis-9.5.jar;C:\Users\James\AppData\Roaming\.jfcraft-Vanilla-Expanded-1.20.1\libraries/org/ow2/asm/asm-tree/9.5/asm-tree-9.5.jar;C:\Users\James\AppData\Roaming\.jfcraft-Vanilla-Expanded-1.20.1\libraries/org/ow2/asm/asm/9.5/asm-9.5.jar;C:\Users\James\AppData\Roaming\.jfcraft-Vanilla-Expanded-1.20.1\libraries/net/minecraftforge/JarJarFileSystems/0.3.19/JarJarFileSystems-0.3.19.jar --add-modules=ALL-MODULE-PATH --add-opens=java.base/java.util.jar=cpw.mods.securejarhandler --add-opens=java.base/java.lang.invoke=cpw.mods.securejarhandler --add-exports=java.base/sun.security.util=cpw.mods.securejarhandler --add-exports=jdk.naming.dns/com.sun.jndi.dns=java.naming 
java_command: cpw.mods.bootstraplauncher.BootstrapLauncher --username test --version 1.20.1-forge-47.2.0 --gameDir C:\Users\James\AppData\Roaming\.jfcraft-Vanilla-Expanded-1.20.1 --assetsDir C:\Users\James\AppData\Roaming\.jfcraft-Vanilla-Expanded-1.20.1\assets --assetIndex 5 --uuid {uuid} --accessToken {token} --clientId ${clientid} --xuid ${auth_xuid} --userType msa --versionType release --launchTarget forgeclient --fml.forgeVersion 47.2.0 --fml.mcVersion 1.20.1 --fml.forgeGroup net.minecraftforge --fml.mcpVersion 20230612.114412 --server 5.165.35.192 --port 25566
java_class_path (initial): C:\Users\James\AppData\Roaming\.jfcraft-Vanilla-Expanded-1.20.1\libraries\cpw\mods\securejarhandler\2.1.10\securejarhandler-2.1.10.jar;C:\Users\James\AppData\Roaming\.jfcraft-Vanilla-Expanded-1.20.1\libraries\org\ow2\asm\asm\9.5\asm-9.5.jar;C:\Users\James\AppData\Roaming\.jfcraft-Vanilla-Expanded-1.20.1\libraries\org\ow2\asm\asm-commons\9.5\asm-commons-9.5.jar;C:\Users\James\AppData\Roaming\.jfcraft-Vanilla-Expanded-1.20.1\libraries\org\ow2\asm\asm-tree\9.5\asm-tree-9.5.jar;C:\Users\James\AppData\Roaming\.jfcraft-Vanilla-Expanded-1.20.1\libraries\org\ow2\asm\asm-util\9.5\asm-util-9.5.jar;C:\Users\James\AppData\Roaming\.jfcraft-Vanilla-Expanded-1.20.1\libraries\org\ow2\asm\asm-analysis\9.5\asm-analysis-9.5.jar;C:\Users\James\AppData\Roaming\.jfcraft-Vanilla-Expanded-1.20.1\libraries\net\minecraftforge\accesstransformers\8.0.4\accesstransformers-8.0.4.jar;C:\Users\James\AppData\Roaming\.jfcraft-Vanilla-Expanded-1.20.1\libraries\org\antlr\antlr4-runtime\4.9.1\antlr4-runtime-4.9.1.jar;C:\Users\James\AppData\Roaming\.jfcraft-Vanilla-Expanded-1.20.1\libraries\net\minecraftforge\eventbus\6.0.5\eventbus-6.0.5.jar;C:\Users\James\AppData\Roaming\.jfcraft-Vanilla-Expanded-1.20.1\libraries\net\minecraftforge\forgespi\7.0.1\forgespi-7.0.1.jar;C:\Users\James\AppData\Roaming\.jfcraft-Vanilla-Expanded-1.20.1\libraries\net\minecraftforge\coremods\5.0.1\coremods-5.0.1.jar;C:\Users\James\AppData\Roaming\.jfcraft-Vanilla-Expanded-1.20.1\libraries\cpw\mods\modlauncher\10.0.9\modlauncher-10.0.9.jar;C:\Users\James\AppData\Roaming\.jfcraft-Vanilla-Expanded-1.20.1\libraries\net\minecraftforge\unsafe\0.2.0\unsafe-0.2.0.jar;C:\Users\James\AppData\Roaming\.jfcraft-Vanilla-Expanded-1.20.1\libraries\net\minecraftforge\mergetool\1.1.5\mergetool-1.1.5-api.jar;C:\Users\James\AppData\Roaming\.jfcraft-Vanilla-Expanded-1.20.1\libraries\com\electronwill\night-config\core\3.6.4\core-3.6.4.jar;C:\Users\James\AppData\Roaming\.jfcraft-Vanilla-Expanded-1.20.1\libraries\com\elect
Launcher Type: SUN_STANDARD

[Global flags]
     intx CICompilerCount                          = 4                                         {product} {ergonomic}
     uint ConcGCThreads                            = 3                                         {product} {ergonomic}
     uint G1ConcRefinementThreads                  = 10                                        {product} {ergonomic}
   size_t G1HeapRegionSize                         = 2097152                                   {product} {ergonomic}
    uintx GCDrainStackTargetSize                   = 64                                        {product} {ergonomic}
    ccstr HeapDumpPath                             = MojangTricksIntelDriversForPerformance_javaw.exe_minecraft.exe.heapdump         {manageable} {command line}
   size_t InitialHeapSize                          = 260046848                                 {product} {ergonomic}
   size_t MarkStackSize                            = 4194304                                   {product} {ergonomic}
   size_t MaxHeapSize                              = 4135583744                                {product} {ergonomic}
   size_t MaxNewSize                               = 2480930816                                {product} {ergonomic}
   size_t MinHeapDeltaBytes                        = 2097152                                   {product} {ergonomic}
   size_t MinHeapSize                              = 8388608                                   {product} {ergonomic}
    uintx NonNMethodCodeHeapSize                   = 5839372                                {pd product} {ergonomic}
    uintx NonProfiledCodeHeapSize                  = 122909434                              {pd product} {ergonomic}
    uintx ProfiledCodeHeapSize                     = 122909434                              {pd product} {ergonomic}
    uintx ReservedCodeCacheSize                    = 251658240                              {pd product} {ergonomic}
     bool SegmentedCodeCache                       = true                                      {product} {ergonomic}
   size_t SoftMaxHeapSize                          = 4135583744                             {manageable} {ergonomic}
     bool UseCompressedClassPointers               = true                           {product lp64_product} {ergonomic}
     bool UseCompressedOops                        = true                           {product lp64_product} {ergonomic}
     bool UseG1GC                                  = true                                      {product} {ergonomic}
     bool UseLargePagesIndividualAllocation        = false                                  {pd product} {ergonomic}

Logging:
Log output configuration:
 #0: stdout all=warning uptime,level,tags
 #1: stderr all=off uptime,level,tags

Environment Variables:
PATH=C:\Program Files\Common Files\Oracle\Java\javapath;C:\Program Files (x86)\Common Files\Oracle\Java\java8path;C:\Program Files (x86)\Common Files\Oracle\Java\javapath;C:\Windows\system32;C:\Windows;C:\Windows\System32\Wbem;C:\Windows\System32\WindowsPowerShell\v1.0\;C:\Windows\System32\OpenSSH\;C:\Program Files (x86)\NVIDIA Corporation\PhysX\Common;C:\Program Files\NVIDIA Corporation\NVIDIA NvDLISR;C:\Program Files\dotnet\;C:\Program Files (x86)\Windows Kits\10\Windows Performance Toolkit\;C:\Program Files\Git\cmd;C:\Program Files\Git LFS;C:\Users\James\AppData\Local\Microsoft\WindowsApps;C:\Program Files\JetBrains\PyCharm Community Edition 2023.1.4\bin;;C:\Users\James\.dotnet\tools;C:\Users\James\AppData\Local\Programs\Python\Python311\Scripts;C:\Users\James\AppData\Local\GitHubDesktop\bin
USERNAME=James
OS=Windows_NT
PROCESSOR_IDENTIFIER=AMD64 Family 25 Model 80 Stepping 0, AuthenticAMD
TMP=C:\Users\James\AppData\Local\Temp
TEMP=C:\Users\James\AppData\Local\Temp



---------------  S Y S T E M  ---------------

OS:
 Windows 10 , 64 bit Build 19041 (10.0.19041.3636)
OS uptime: 0 days 0:38 hours

CPU: total 12 (initial active 12) (12 cores per cpu, 2 threads per core) family 25 model 80 stepping 0 microcode 0x0, cx8, cmov, fxsr, ht, mmx, 3dnowpref, sse, sse2, sse3, ssse3, sse4a, sse4.1, sse4.2, popcnt, lzcnt, tsc, tscinvbit, avx, avx2, aes, erms, clmul, bmi1, bmi2, adx, sha, fma, vzeroupper, clflush, clflushopt
Processor Information for all 12 processors :
  Max Mhz: 3301, Current Mhz: 3301, Mhz Limit: 3301

Memory: 4k page, system-wide physical 15775M (7031M free)
TotalPageFile size 20383M (AvailPageFile size 9486M)
current process WorkingSet (physical memory assigned to process): 348M, peak: 348M
current process commit charge ("private bytes"): 391M, peak: 426M

vm_info: OpenJDK 64-Bit Server VM (17.0.8+7-LTS) for windows-amd64 JRE (17.0.8+7-LTS), built on Jul  7 2023 17:21:55 by "MicrosoftCorporation" with MS VC++ 16.10 / 16.11 (VS2019)

END.
